0 verbose cli /Users/yalexisb2b/.nvm/versions/node/v24.12.0/bin/node /Users/yalexisb2b/.nvm/versions/node/v24.12.0/bin/npm
1 info using npm@11.6.2
2 info using node@v24.12.0
3 silly config load:file:/Users/yalexisb2b/.nvm/versions/node/v24.12.0/lib/node_modules/npm/npmrc
4 silly config load:file:/Users/yalexisb2b/Documents/ShoppingCartPlatform/commerce-portal/.npmrc
5 silly config load:file:/Users/yalexisb2b/.npmrc
6 silly config load:file:/Users/yalexisb2b/.nvm/versions/node/v24.12.0/etc/npmrc
7 verbose title npm install prettier eslint-config-prettier
8 verbose argv "install" "--save-dev" "prettier" "eslint-config-prettier"
9 verbose logfile logs-max:10 dir:/Users/yalexisb2b/Documents/ShoppingCartPlatform/commerce-portal/npm-cache/_logs/2026-04-16T19_10_12_287Z-
10 verbose logfile /Users/yalexisb2b/Documents/ShoppingCartPlatform/commerce-portal/npm-cache/_logs/2026-04-16T19_10_12_287Z-debug-0.log
11 silly logfile done cleaning log files
12 silly packumentCache heap:4496293888 maxSize:1124073472 maxEntrySize:562036736
13 silly idealTree buildDeps
14 silly fetch manifest prettier@*
15 silly packumentCache full:https://registry.npmjs.org/prettier cache-miss
16 http fetch GET 200 https://registry.npmjs.org/prettier 364ms (cache miss)
17 silly packumentCache full:https://registry.npmjs.org/prettier set size:undefined disposed:false
18 silly fetch manifest eslint-config-prettier@*
19 silly packumentCache full:https://registry.npmjs.org/eslint-config-prettier cache-miss
20 http fetch GET 200 https://registry.npmjs.org/eslint-config-prettier 88ms (cache miss)
21 silly packumentCache full:https://registry.npmjs.org/eslint-config-prettier set size:undefined disposed:false
22 silly fetch manifest eslint@^8
23 silly packumentCache full:https://registry.npmjs.org/eslint cache-miss
24 http fetch GET 200 https://registry.npmjs.org/npm 529ms
25 http fetch GET 200 https://registry.npmjs.org/eslint 172ms (cache miss)
26 silly packumentCache full:https://registry.npmjs.org/eslint set size:undefined disposed:false
27 silly placeDep ROOT eslint-config-prettier@10.1.8 OK for: commerce-portal@0.1.0 want: *
28 silly placeDep ROOT prettier@3.8.3 OK for: commerce-portal@0.1.0 want: *
29 silly reify moves {}
30 silly audit bulk request {
30 silly audit   '@alloc/quick-lru': [ '5.2.0' ],
30 silly audit   '@emnapi/core': [ '1.10.0' ],
30 silly audit   '@emnapi/runtime': [ '1.10.0' ],
30 silly audit   '@emnapi/wasi-threads': [ '1.2.1' ],
30 silly audit   '@eslint-community/eslint-utils': [ '4.9.1' ],
30 silly audit   '@eslint-community/regexpp': [ '4.12.2' ],
30 silly audit   '@eslint/eslintrc': [ '2.1.4' ],
30 silly audit   '@eslint/js': [ '8.57.1' ],
30 silly audit   '@humanwhocodes/config-array': [ '0.13.0' ],
30 silly audit   '@humanwhocodes/module-importer': [ '1.0.1' ],
30 silly audit   '@humanwhocodes/object-schema': [ '2.0.3' ],
30 silly audit   '@isaacs/cliui': [ '8.0.2' ],
30 silly audit   'ansi-regex': [ '6.2.2', '5.0.1' ],
30 silly audit   'strip-ansi': [ '7.2.0', '6.0.1' ],
30 silly audit   '@jridgewell/gen-mapping': [ '0.3.13' ],
30 silly audit   '@jridgewell/resolve-uri': [ '3.1.2' ],
30 silly audit   '@jridgewell/sourcemap-codec': [ '1.5.5' ],
30 silly audit   '@jridgewell/trace-mapping': [ '0.3.31' ],
30 silly audit   '@napi-rs/wasm-runtime': [ '0.2.12' ],
30 silly audit   '@next/env': [ '14.2.35' ],
30 silly audit   '@next/eslint-plugin-next': [ '14.2.35' ],
30 silly audit   '@next/swc-darwin-arm64': [ '14.2.33' ],
30 silly audit   '@next/swc-darwin-x64': [ '14.2.33' ],
30 silly audit   '@next/swc-linux-arm64-gnu': [ '14.2.33' ],
30 silly audit   '@next/swc-linux-arm64-musl': [ '14.2.33' ],
30 silly audit   '@next/swc-linux-x64-gnu': [ '14.2.33' ],
30 silly audit   '@next/swc-linux-x64-musl': [ '14.2.33' ],
30 silly audit   '@next/swc-win32-arm64-msvc': [ '14.2.33' ],
30 silly audit   '@next/swc-win32-ia32-msvc': [ '14.2.33' ],
30 silly audit   '@next/swc-win32-x64-msvc': [ '14.2.33' ],
30 silly audit   '@nodelib/fs.scandir': [ '2.1.5' ],
30 silly audit   '@nodelib/fs.stat': [ '2.0.5' ],
30 silly audit   '@nodelib/fs.walk': [ '1.2.8' ],
30 silly audit   '@nolyfill/is-core-module': [ '1.0.39' ],
30 silly audit   '@pkgjs/parseargs': [ '0.11.0' ],
30 silly audit   '@rtsao/scc': [ '1.1.0' ],
30 silly audit   '@rushstack/eslint-patch': [ '1.16.1' ],
30 silly audit   '@swc/counter': [ '0.1.3' ],
30 silly audit   '@swc/helpers': [ '0.5.5' ],
30 silly audit   '@tybys/wasm-util': [ '0.10.1' ],
30 silly audit   '@types/json5': [ '0.0.29' ],
30 silly audit   '@types/node': [ '20.19.39' ],
30 silly audit   '@types/prop-types': [ '15.7.15' ],
30 silly audit   '@types/react': [ '18.3.28' ],
30 silly audit   '@types/react-dom': [ '18.3.7' ],
30 silly audit   '@typescript-eslint/eslint-plugin': [ '8.58.2' ],
30 silly audit   ignore: [ '7.0.5', '5.3.2' ],
30 silly audit   '@typescript-eslint/parser': [ '8.58.2' ],
30 silly audit   '@typescript-eslint/project-service': [ '8.58.2' ],
30 silly audit   '@typescript-eslint/scope-manager': [ '8.58.2' ],
30 silly audit   '@typescript-eslint/tsconfig-utils': [ '8.58.2' ],
30 silly audit   '@typescript-eslint/type-utils': [ '8.58.2' ],
30 silly audit   '@typescript-eslint/types': [ '8.58.2' ],
30 silly audit   '@typescript-eslint/typescript-estree': [ '8.58.2' ],
30 silly audit   'balanced-match': [ '4.0.4', '1.0.2' ],
30 silly audit   'brace-expansion': [ '5.0.5', '1.1.14', '2.1.0' ],
30 silly audit   minimatch: [ '10.2.5', '9.0.9', '3.1.5' ],
30 silly audit   '@typescript-eslint/utils': [ '8.58.2' ],
30 silly audit   '@typescript-eslint/visitor-keys': [ '8.58.2' ],
30 silly audit   'eslint-visitor-keys': [ '5.0.1', '3.4.3' ],
30 silly audit   '@ungap/structured-clone': [ '1.3.0' ],
30 silly audit   '@unrs/resolver-binding-android-arm-eabi': [ '1.11.1' ],
30 silly audit   '@unrs/resolver-binding-android-arm64': [ '1.11.1' ],
30 silly audit   '@unrs/resolver-binding-darwin-arm64': [ '1.11.1' ],
30 silly audit   '@unrs/resolver-binding-darwin-x64': [ '1.11.1' ],
30 silly audit   '@unrs/resolver-binding-freebsd-x64': [ '1.11.1' ],
30 silly audit   '@unrs/resolver-binding-linux-arm-gnueabihf': [ '1.11.1' ],
30 silly audit   '@unrs/resolver-binding-linux-arm-musleabihf': [ '1.11.1' ],
30 silly audit   '@unrs/resolver-binding-linux-arm64-gnu': [ '1.11.1' ],
30 silly audit   '@unrs/resolver-binding-linux-arm64-musl': [ '1.11.1' ],
30 silly audit   '@unrs/resolver-binding-linux-ppc64-gnu': [ '1.11.1' ],
30 silly audit   '@unrs/resolver-binding-linux-riscv64-gnu': [ '1.11.1' ],
30 silly audit   '@unrs/resolver-binding-linux-riscv64-musl': [ '1.11.1' ],
30 silly audit   '@unrs/resolver-binding-linux-s390x-gnu': [ '1.11.1' ],
30 silly audit   '@unrs/resolver-binding-linux-x64-gnu': [ '1.11.1' ],
30 silly audit   '@unrs/resolver-binding-linux-x64-musl': [ '1.11.1' ],
30 silly audit   '@unrs/resolver-binding-wasm32-wasi': [ '1.11.1' ],
30 silly audit   '@unrs/resolver-binding-win32-arm64-msvc': [ '1.11.1' ],
30 silly audit   '@unrs/resolver-binding-win32-ia32-msvc': [ '1.11.1' ],
30 silly audit   '@unrs/resolver-binding-win32-x64-msvc': [ '1.11.1' ],
30 silly audit   acorn: [ '8.16.0' ],
30 silly audit   'acorn-jsx': [ '5.3.2' ],
30 silly audit   ajv: [ '6.14.0' ],
30 silly audit   'ansi-styles': [ '4.3.0', '6.2.3' ],
30 silly audit   'any-promise': [ '1.3.0' ],
30 silly audit   anymatch: [ '3.1.3' ],
30 silly audit   arg: [ '5.0.2' ],
30 silly audit   argparse: [ '2.0.1' ],
30 silly audit   'aria-query': [ '5.3.2' ],
30 silly audit   'array-buffer-byte-length': [ '1.0.2' ],
30 silly audit   'array-includes': [ '3.1.9' ],
30 silly audit   'array.prototype.findlast': [ '1.2.5' ],
30 silly audit   'array.prototype.findlastindex': [ '1.2.6' ],
30 silly audit   'array.prototype.flat': [ '1.3.3' ],
30 silly audit   'array.prototype.flatmap': [ '1.3.3' ],
30 silly audit   'array.prototype.tosorted': [ '1.1.4' ],
30 silly audit   'arraybuffer.prototype.slice': [ '1.0.4' ],
30 silly audit   'ast-types-flow': [ '0.0.8' ],
30 silly audit   'async-function': [ '1.0.0' ],
30 silly audit   'available-typed-arrays': [ '1.0.7' ],
30 silly audit   'axe-core': [ '4.11.3' ],
30 silly audit   'axobject-query': [ '4.1.0' ],
30 silly audit   'binary-extensions': [ '2.3.0' ],
30 silly audit   braces: [ '3.0.3' ],
30 silly audit   busboy: [ '1.6.0' ],
30 silly audit   'call-bind': [ '1.0.9' ],
30 silly audit   'call-bind-apply-helpers': [ '1.0.2' ],
30 silly audit   'call-bound': [ '1.0.4' ],
30 silly audit   callsites: [ '3.1.0' ],
30 silly audit   'camelcase-css': [ '2.0.1' ],
30 silly audit   'caniuse-lite': [ '1.0.30001788' ],
30 silly audit   chalk: [ '4.1.2' ],
30 silly audit   chokidar: [ '3.6.0' ],
30 silly audit   'glob-parent': [ '5.1.2', '6.0.2' ],
30 silly audit   'client-only': [ '0.0.1' ],
30 silly audit   'color-convert': [ '2.0.1' ],
30 silly audit   'color-name': [ '1.1.4' ],
30 silly audit   commander: [ '4.1.1' ],
30 silly audit   'concat-map': [ '0.0.1' ],
30 silly audit   'cross-spawn': [ '7.0.6' ],
30 silly audit   cssesc: [ '3.0.0' ],
30 silly audit   csstype: [ '3.2.3' ],
30 silly audit   'damerau-levenshtein': [ '1.0.8' ],
30 silly audit   'data-view-buffer': [ '1.0.2' ],
30 silly audit   'data-view-byte-length': [ '1.0.2' ],
30 silly audit   'data-view-byte-offset': [ '1.0.1' ],
30 silly audit   debug: [ '4.4.3', '3.2.7' ],
30 silly audit   'deep-is': [ '0.1.4' ],
30 silly audit   'define-data-property': [ '1.1.4' ],
30 silly audit   'define-properties': [ '1.2.1' ],
30 silly audit   didyoumean: [ '1.2.2' ],
30 silly audit   dlv: [ '1.1.3' ],
30 silly audit   doctrine: [ '3.0.0', '2.1.0' ],
30 silly audit   'dunder-proto': [ '1.0.1' ],
30 silly audit   eastasianwidth: [ '0.2.0' ],
30 silly audit   'emoji-regex': [ '9.2.2', '8.0.0' ],
30 silly audit   'es-abstract': [ '1.24.2' ],
30 silly audit   'es-define-property': [ '1.0.1' ],
30 silly audit   'es-errors': [ '1.3.0' ],
30 silly audit   'es-iterator-helpers': [ '1.3.2' ],
30 silly audit   'es-object-atoms': [ '1.1.1' ],
30 silly audit   'es-set-tostringtag': [ '2.1.0' ],
30 silly audit   'es-shim-unscopables': [ '1.1.0' ],
30 silly audit   'es-to-primitive': [ '1.3.0' ],
30 silly audit   'escape-string-regexp': [ '4.0.0' ],
30 silly audit   eslint: [ '8.57.1' ],
30 silly audit   'eslint-config-next': [ '14.2.35' ],
30 silly audit   'eslint-import-resolver-node': [ '0.3.10' ],
30 silly audit   'eslint-import-resolver-typescript': [ '3.10.1' ],
30 silly audit   'eslint-module-utils': [ '2.12.1' ],
30 silly audit   'eslint-plugin-import': [ '2.32.0' ],
30 silly audit   semver: [ '6.3.1', '7.7.4' ],
30 silly audit   'eslint-plugin-jsx-a11y': [ '6.10.2' ],
30 silly audit   'eslint-plugin-react': [ '7.37.5' ],
30 silly audit   'eslint-plugin-react-hooks': [ '5.0.0-canary-7118f5dd7-20230705' ],
30 silly audit   'eslint-scope': [ '7.2.2' ],
30 silly audit   espree: [ '9.6.1' ],
30 silly audit   esquery: [ '1.7.0' ],
30 silly audit   esrecurse: [ '4.3.0' ],
30 silly audit   estraverse: [ '5.3.0' ],
30 silly audit   esutils: [ '2.0.3' ],
30 silly audit   'fast-deep-equal': [ '3.1.3' ],
30 silly audit   'fast-glob': [ '3.3.3' ],
30 silly audit   'fast-json-stable-stringify': [ '2.1.0' ],
30 silly audit   'fast-levenshtein': [ '2.0.6' ],
30 silly audit   fastq: [ '1.20.1' ],
30 silly audit   'file-entry-cache': [ '6.0.1' ],
30 silly audit   'fill-range': [ '7.1.1' ],
30 silly audit   'find-up': [ '5.0.0' ],
30 silly audit   'flat-cache': [ '3.2.0' ],
30 silly audit   flatted: [ '3.4.2' ],
30 silly audit   'for-each': [ '0.3.5' ],
30 silly audit   'foreground-child': [ '3.3.1' ],
30 silly audit   'fs.realpath': [ '1.0.0' ],
30 silly audit   fsevents: [ '2.3.3' ],
30 silly audit   'function-bind': [ '1.1.2' ],
30 silly audit   'function.prototype.name': [ '1.1.8' ],
30 silly audit   'functions-have-names': [ '1.2.3' ],
30 silly audit   'generator-function': [ '2.0.1' ],
30 silly audit   'get-intrinsic': [ '1.3.0' ],
30 silly audit   'get-proto': [ '1.0.1' ],
30 silly audit   'get-symbol-description': [ '1.1.0' ],
30 silly audit   'get-tsconfig': [ '4.14.0' ],
30 silly audit   glob: [ '10.3.10', '7.2.3' ],
30 silly audit   globals: [ '13.24.0' ],
30 silly audit   globalthis: [ '1.0.4' ],
30 silly audit   gopd: [ '1.2.0' ],
30 silly audit   'graceful-fs': [ '4.2.11' ],
30 silly audit   graphemer: [ '1.4.0' ],
30 silly audit   'has-bigints': [ '1.1.0' ],
30 silly audit   'has-flag': [ '4.0.0' ],
30 silly audit   'has-property-descriptors': [ '1.0.2' ],
30 silly audit   'has-proto': [ '1.2.0' ],
30 silly audit   'has-symbols': [ '1.1.0' ],
30 silly audit   'has-tostringtag': [ '1.0.2' ],
30 silly audit   hasown: [ '2.0.2' ],
30 silly audit   'import-fresh': [ '3.3.1' ],
30 silly audit   imurmurhash: [ '0.1.4' ],
30 silly audit   inflight: [ '1.0.6' ],
30 silly audit   inherits: [ '2.0.4' ],
30 silly audit   'internal-slot': [ '1.1.0' ],
30 silly audit   'is-array-buffer': [ '3.0.5' ],
30 silly audit   'is-async-function': [ '2.1.1' ],
30 silly audit   'is-bigint': [ '1.1.0' ],
30 silly audit   'is-binary-path': [ '2.1.0' ],
30 silly audit   'is-boolean-object': [ '1.2.2' ],
30 silly audit   'is-bun-module': [ '2.0.0' ],
30 silly audit   'is-callable': [ '1.2.7' ],
30 silly audit   'is-core-module': [ '2.16.1' ],
30 silly audit   'is-data-view': [ '1.0.2' ],
30 silly audit   'is-date-object': [ '1.1.0' ],
30 silly audit   'is-extglob': [ '2.1.1' ],
30 silly audit   'is-finalizationregistry': [ '1.1.1' ],
30 silly audit   'is-fullwidth-code-point': [ '3.0.0' ],
30 silly audit   'is-generator-function': [ '1.1.2' ],
30 silly audit   'is-glob': [ '4.0.3' ],
30 silly audit   'is-map': [ '2.0.3' ],
30 silly audit   'is-negative-zero': [ '2.0.3' ],
30 silly audit   'is-number': [ '7.0.0' ],
30 silly audit   'is-number-object': [ '1.1.1' ],
30 silly audit   'is-path-inside': [ '3.0.3' ],
30 silly audit   'is-regex': [ '1.2.1' ],
30 silly audit   'is-set': [ '2.0.3' ],
30 silly audit   'is-shared-array-buffer': [ '1.0.4' ],
30 silly audit   'is-string': [ '1.1.1' ],
30 silly audit   'is-symbol': [ '1.1.1' ],
30 silly audit   'is-typed-array': [ '1.1.15' ],
30 silly audit   'is-weakmap': [ '2.0.2' ],
30 silly audit   'is-weakref': [ '1.1.1' ],
30 silly audit   'is-weakset': [ '2.0.4' ],
30 silly audit   isarray: [ '2.0.5' ],
30 silly audit   isexe: [ '2.0.0' ],
30 silly audit   'iterator.prototype': [ '1.1.5' ],
30 silly audit   jackspeak: [ '2.3.6' ],
30 silly audit   jiti: [ '1.21.7' ],
30 silly audit   'js-tokens': [ '4.0.0' ],
30 silly audit   'js-yaml': [ '4.1.1' ],
30 silly audit   'json-buffer': [ '3.0.1' ],
30 silly audit   'json-schema-traverse': [ '0.4.1' ],
30 silly audit   'json-stable-stringify-without-jsonify': [ '1.0.1' ],
30 silly audit   json5: [ '1.0.2' ],
30 silly audit   'jsx-ast-utils': [ '3.3.5' ],
30 silly audit   keyv: [ '4.5.4' ],
30 silly audit   'language-subtag-registry': [ '0.3.23' ],
30 silly audit   'language-tags': [ '1.0.9' ],
30 silly audit   levn: [ '0.4.1' ],
30 silly audit   lilconfig: [ '3.1.3' ],
30 silly audit   'lines-and-columns': [ '1.2.4' ],
30 silly audit   'locate-path': [ '6.0.0' ],
30 silly audit   'lodash.merge': [ '4.6.2' ],
30 silly audit   'loose-envify': [ '1.4.0' ],
30 silly audit   'lru-cache': [ '10.4.3' ],
30 silly audit   'math-intrinsics': [ '1.1.0' ],
30 silly audit   merge2: [ '1.4.1' ],
30 silly audit   micromatch: [ '4.0.8' ],
30 silly audit   minimist: [ '1.2.8' ],
30 silly audit   minipass: [ '7.1.3' ],
30 silly audit   ms: [ '2.1.3' ],
30 silly audit   mz: [ '2.7.0' ],
30 silly audit   nanoid: [ '3.3.11' ],
30 silly audit   'napi-postinstall': [ '0.3.4' ],
30 silly audit   'natural-compare': [ '1.4.0' ],
30 silly audit   next: [ '14.2.35' ],
30 silly audit   postcss: [ '8.4.31', '8.5.10' ],
30 silly audit   'node-exports-info': [ '1.6.0' ],
30 silly audit   'normalize-path': [ '3.0.0' ],
30 silly audit   'object-assign': [ '4.1.1' ],
30 silly audit   'object-hash': [ '3.0.0' ],
30 silly audit   'object-inspect': [ '1.13.4' ],
30 silly audit   'object-keys': [ '1.1.1' ],
30 silly audit   'object.assign': [ '4.1.7' ],
30 silly audit   'object.entries': [ '1.1.9' ],
30 silly audit   'object.fromentries': [ '2.0.8' ],
30 silly audit   'object.groupby': [ '1.0.3' ],
30 silly audit   'object.values': [ '1.2.1' ],
30 silly audit   once: [ '1.4.0' ],
30 silly audit   optionator: [ '0.9.4' ],
30 silly audit   'own-keys': [ '1.0.1' ],
30 silly audit   'p-limit': [ '3.1.0' ],
30 silly audit   'p-locate': [ '5.0.0' ],
30 silly audit   'parent-module': [ '1.0.1' ],
30 silly audit   'path-exists': [ '4.0.0' ],
30 silly audit   'path-is-absolute': [ '1.0.1' ],
30 silly audit   'path-key': [ '3.1.1' ],
30 silly audit   'path-parse': [ '1.0.7' ],
30 silly audit   'path-scurry': [ '1.11.1' ],
30 silly audit   picocolors: [ '1.1.1' ],
30 silly audit   picomatch: [ '2.3.2', '4.0.4' ],
30 silly audit   pify: [ '2.3.0' ],
30 silly audit   pirates: [ '4.0.7' ],
30 silly audit   'possible-typed-array-names': [ '1.1.0' ],
30 silly audit   'postcss-import': [ '15.1.0' ],
30 silly audit   resolve: [ '1.22.12', '2.0.0-next.6' ],
30 silly audit   'postcss-js': [ '4.1.0' ],
30 silly audit   'postcss-load-config': [ '6.0.1' ],
30 silly audit   'postcss-nested': [ '6.2.0' ],
30 silly audit   'postcss-selector-parser': [ '6.1.2' ],
30 silly audit   'postcss-value-parser': [ '4.2.0' ],
30 silly audit   'prelude-ls': [ '1.2.1' ],
30 silly audit   'prop-types': [ '15.8.1' ],
30 silly audit   punycode: [ '2.3.1' ],
30 silly audit   'queue-microtask': [ '1.2.3' ],
30 silly audit   react: [ '18.3.1' ],
30 silly audit   'react-dom': [ '18.3.1' ],
30 silly audit   'react-is': [ '16.13.1' ],
30 silly audit   'read-cache': [ '1.0.0' ],
30 silly audit   readdirp: [ '3.6.0' ],
30 silly audit   'reflect.getprototypeof': [ '1.0.10' ],
30 silly audit   'regexp.prototype.flags': [ '1.5.4' ],
30 silly audit   'resolve-from': [ '4.0.0' ],
30 silly audit   'resolve-pkg-maps': [ '1.0.0' ],
30 silly audit   reusify: [ '1.1.0' ],
30 silly audit   rimraf: [ '3.0.2' ],
30 silly audit   'run-parallel': [ '1.2.0' ],
30 silly audit   'safe-array-concat': [ '1.1.3' ],
30 silly audit   'safe-push-apply': [ '1.0.0' ],
30 silly audit   'safe-regex-test': [ '1.1.0' ],
30 silly audit   scheduler: [ '0.23.2' ],
30 silly audit   'set-function-length': [ '1.2.2' ],
30 silly audit   'set-function-name': [ '2.0.2' ],
30 silly audit   'set-proto': [ '1.0.0' ],
30 silly audit   'shebang-command': [ '2.0.0' ],
30 silly audit   'shebang-regex': [ '3.0.0' ],
30 silly audit   'side-channel': [ '1.1.0' ],
30 silly audit   'side-channel-list': [ '1.0.1' ],
30 silly audit   'side-channel-map': [ '1.0.1' ],
30 silly audit   'side-channel-weakmap': [ '1.0.2' ],
30 silly audit   'signal-exit': [ '4.1.0' ],
30 silly audit   'source-map-js': [ '1.2.1' ],
30 silly audit   'stable-hash': [ '0.0.5' ],
30 silly audit   'stop-iteration-iterator': [ '1.1.0' ],
30 silly audit   streamsearch: [ '1.1.0' ],
30 silly audit   'string-width': [ '5.1.2', '4.2.3' ],
30 silly audit   'string.prototype.includes': [ '2.0.1' ],
30 silly audit   'string.prototype.matchall': [ '4.0.12' ],
30 silly audit   'string.prototype.repeat': [ '1.0.0' ],
30 silly audit   'string.prototype.trim': [ '1.2.10' ],
30 silly audit   'string.prototype.trimend': [ '1.0.9' ],
30 silly audit   'string.prototype.trimstart': [ '1.0.8' ],
30 silly audit   'strip-bom': [ '3.0.0' ],
30 silly audit   'strip-json-comments': [ '3.1.1' ],
30 silly audit   'styled-jsx': [ '5.1.1' ],
30 silly audit   sucrase: [ '3.35.1' ],
30 silly audit   'supports-color': [ '7.2.0' ],
30 silly audit   'supports-preserve-symlinks-flag': [ '1.0.0' ],
30 silly audit   tailwindcss: [ '3.4.19' ],
30 silly audit   'text-table': [ '0.2.0' ],
30 silly audit   thenify: [ '3.3.1' ],
30 silly audit   'thenify-all': [ '1.6.0' ],
30 silly audit   tinyglobby: [ '0.2.16' ],
30 silly audit   fdir: [ '6.5.0' ],
30 silly audit   'to-regex-range': [ '5.0.1' ],
30 silly audit   'ts-api-utils': [ '2.5.0' ],
30 silly audit   'ts-interface-checker': [ '0.1.13' ],
30 silly audit   'tsconfig-paths': [ '3.15.0' ],
30 silly audit   tslib: [ '2.8.1' ],
30 silly audit   'type-check': [ '0.4.0' ],
30 silly audit   'type-fest': [ '0.20.2' ],
30 silly audit   'typed-array-buffer': [ '1.0.3' ],
30 silly audit   'typed-array-byte-length': [ '1.0.3' ],
30 silly audit   'typed-array-byte-offset': [ '1.0.4' ],
30 silly audit   'typed-array-length': [ '1.0.7' ],
30 silly audit   typescript: [ '5.9.3' ],
30 silly audit   'unbox-primitive': [ '1.1.0' ],
30 silly audit   'undici-types': [ '6.21.0' ],
30 silly audit   'unrs-resolver': [ '1.11.1' ],
30 silly audit   'uri-js': [ '4.4.1' ],
30 silly audit   'util-deprecate': [ '1.0.2' ],
30 silly audit   which: [ '2.0.2' ],
30 silly audit   'which-boxed-primitive': [ '1.1.1' ],
30 silly audit   'which-builtin-type': [ '1.2.1' ],
30 silly audit   'which-collection': [ '1.0.2' ],
30 silly audit   'which-typed-array': [ '1.1.20' ],
30 silly audit   'word-wrap': [ '1.2.5' ],
30 silly audit   'wrap-ansi': [ '8.1.0', '7.0.0' ],
30 silly audit   wrappy: [ '1.0.2' ],
30 silly audit   'yocto-queue': [ '0.1.0' ],
30 silly audit   'eslint-config-prettier': [ '10.1.8' ],
30 silly audit   prettier: [ '3.8.3' ]
30 silly audit }
31 http cache fsevents@https://registry.npmjs.org/fsevents/-/fsevents-2.3.3.tgz 0ms (cache hit)
32 http cache prettier@https://registry.npmjs.org/prettier/-/prettier-3.8.3.tgz 0ms (cache hit)
33 http cache eslint-config-prettier@https://registry.npmjs.org/eslint-config-prettier/-/eslint-config-prettier-10.1.8.tgz 0ms (cache hit)
34 silly tarball no local data for fsevents@https://registry.npmjs.org/fsevents/-/fsevents-2.3.3.tgz. Extracting by manifest.
35 silly tarball no local data for prettier@https://registry.npmjs.org/prettier/-/prettier-3.8.3.tgz. Extracting by manifest.
36 silly tarball no local data for eslint-config-prettier@https://registry.npmjs.org/eslint-config-prettier/-/eslint-config-prettier-10.1.8.tgz. Extracting by manifest.
37 http fetch GET 200 https://registry.npmjs.org/fsevents/-/fsevents-2.3.3.tgz 73ms (cache miss)
38 http fetch POST 200 https://registry.npmjs.org/-/npm/v1/security/advisories/bulk 155ms
39 silly audit report {
39 silly audit report   glob: [
39 silly audit report     {
39 silly audit report       id: 1109842,
39 silly audit report       url: 'https://github.com/advisories/GHSA-5j98-mcp5-4vw2',
39 silly audit report       title: 'glob CLI: Command injection via -c/--cmd executes matches with shell:true',
39 silly audit report       severity: 'high',
39 silly audit report       vulnerable_versions: '>=10.2.0 <10.5.0',
39 silly audit report       cwe: [Array],
39 silly audit report       cvss: [Object]
39 silly audit report     }
39 silly audit report   ],
39 silly audit report   next: [
39 silly audit report     {
39 silly audit report       id: 1112593,
39 silly audit report       url: 'https://github.com/advisories/GHSA-9g9p-9gw9-jx7f',
39 silly audit report       title: 'Next.js self-hosted applications vulnerable to DoS via Image Optimizer remotePatterns configuration',
39 silly audit report       severity: 'moderate',
39 silly audit report       vulnerable_versions: '>=10.0.0 <15.5.10',
39 silly audit report       cwe: [Array],
39 silly audit report       cvss: [Object]
39 silly audit report     },
39 silly audit report     {
39 silly audit report       id: 1112653,
39 silly audit report       url: 'https://github.com/advisories/GHSA-h25m-26qc-wcjf',
39 silly audit report       title: 'Next.js HTTP request deserialization can lead to DoS when using insecure React Server Components',
39 silly audit report       severity: 'high',
39 silly audit report       vulnerable_versions: '>=13.0.0 <15.0.8',
39 silly audit report       cwe: [Array],
39 silly audit report       cvss: [Object]
39 silly audit report     },
39 silly audit report     {
39 silly audit report       id: 1114897,
39 silly audit report       url: 'https://github.com/advisories/GHSA-ggv3-7p47-pfv8',
39 silly audit report       title: 'Next.js: HTTP request smuggling in rewrites',
39 silly audit report       severity: 'moderate',
39 silly audit report       vulnerable_versions: '>=9.5.0 <15.5.13',
39 silly audit report       cwe: [Array],
39 silly audit report       cvss: [Object]
39 silly audit report     },
39 silly audit report     {
39 silly audit report       id: 1114940,
39 silly audit report       url: 'https://github.com/advisories/GHSA-3x4c-7xq6-9pq8',
39 silly audit report       title: 'Next.js: Unbounded next/image disk cache growth can exhaust storage',
39 silly audit report       severity: 'moderate',
39 silly audit report       vulnerable_versions: '>=10.0.0 <15.5.14',
39 silly audit report       cwe: [Array],
39 silly audit report       cvss: [Object]
39 silly audit report     },
39 silly audit report     {
39 silly audit report       id: 1116376,
39 silly audit report       url: 'https://github.com/advisories/GHSA-q4gf-8mx6-v5v3',
39 silly audit report       title: 'Next.js has a Denial of Service with Server Components',
39 silly audit report       severity: 'high',
39 silly audit report       vulnerable_versions: '>=13.0.0 <15.5.15',
39 silly audit report       cwe: [Array],
39 silly audit report       cvss: [Object]
39 silly audit report     }
39 silly audit report   ]
39 silly audit report }
40 silly packumentCache corgi:https://registry.npmjs.org/glob cache-miss
41 silly packumentCache corgi:https://registry.npmjs.org/next cache-miss
42 http fetch GET 200 https://registry.npmjs.org/eslint-config-prettier/-/eslint-config-prettier-10.1.8.tgz 187ms (cache miss)
43 http fetch GET 200 https://registry.npmjs.org/next 648ms (cache miss)
44 silly packumentCache corgi:https://registry.npmjs.org/next set size:undefined disposed:false
45 http fetch GET 200 https://registry.npmjs.org/prettier/-/prettier-3.8.3.tgz 1195ms (cache miss)
46 http fetch GET 200 https://registry.npmjs.org/glob 1628ms (cache miss)
47 silly packumentCache corgi:https://registry.npmjs.org/glob set size:undefined disposed:false
48 silly packumentCache corgi:https://registry.npmjs.org/@next%2feslint-plugin-next cache-miss
49 http fetch GET 200 https://registry.npmjs.org/@next%2feslint-plugin-next 421ms (cache miss)
50 silly packumentCache corgi:https://registry.npmjs.org/@next%2feslint-plugin-next set size:undefined disposed:false
51 silly packumentCache corgi:https://registry.npmjs.org/eslint-config-next cache-miss
52 http fetch GET 200 https://registry.npmjs.org/eslint-config-next 182ms (cache miss)
53 silly packumentCache corgi:https://registry.npmjs.org/eslint-config-next set size:undefined disposed:false
54 silly ADD node_modules/prettier
55 silly ADD node_modules/eslint-config-prettier
56 silly ADD node_modules/fsevents
57 verbose cwd /Users/yalexisb2b/Documents/ShoppingCartPlatform/commerce-portal
58 verbose os Darwin 25.3.0
59 verbose node v24.12.0
60 verbose npm  v11.6.2
61 notice
61 notice New minor version of npm available! 11.6.2 -> 11.12.1
61 notice Changelog: https://github.com/npm/cli/releases/tag/v11.12.1
61 notice To update run: npm install -g npm@11.12.1
61 notice  { force: true, Symbol(proc-log.meta): true }
62 verbose exit 0
63 info ok
